This is pdfTeX, Version 3.141592653-2.6-1.40.25 (TeX Live 2023) (preloaded format=pdflatex 2024.2.10)  20 FEB 2024 11:27
entering extended mode
 restricted \write18 enabled.
 %&-line parsing enabled.
**SIR-covid-2020.tex
(./SIR-covid-2020.tex
LaTeX2e <2023-11-01> patch level 1
L3 programming layer <2024-01-22>
(/home/ilia/.TinyTeX/texmf-dist/tex/latex/base/book.cls
Document Class: book 2023/05/17 v1.4n Standard LaTeX document class
(/home/ilia/.TinyTeX/texmf-dist/tex/latex/base/bk10.clo
File: bk10.clo 2023/05/17 v1.4n Standard LaTeX file (size option)
)
\c@part=\count187
\c@chapter=\count188
\c@section=\count189
\c@subsection=\count190
\c@subsubsection=\count191
\c@paragraph=\count192
\c@subparagraph=\count193
\c@figure=\count194
\c@table=\count195
\abovecaptionskip=\skip48
\belowcaptionskip=\skip49
\bibindent=\dimen140
) (/home/ilia/.TinyTeX/texmf-dist/tex/latex/amsmath/amsmath.sty
Package: amsmath 2023/05/13 v2.17o AMS math features
\@mathmargin=\skip50
For additional information on amsmath, use the `?' option.
(/home/ilia/.TinyTeX/texmf-dist/tex/latex/amsmath/amstext.sty
Package: amstext 2021/08/26 v2.01 AMS text
(/home/ilia/.TinyTeX/texmf-dist/tex/latex/amsmath/amsgen.sty
File: amsgen.sty 1999/11/30 v2.0 generic functions
\@emptytoks=\toks17
\ex@=\dimen141
)) (/home/ilia/.TinyTeX/texmf-dist/tex/latex/amsmath/amsbsy.sty
Package: amsbsy 1999/11/29 v1.2d Bold Symbols
\pmbraise@=\dimen142
) (/home/ilia/.TinyTeX/texmf-dist/tex/latex/amsmath/amsopn.sty
Package: amsopn 2022/04/08 v2.04 operator names
)
\inf@bad=\count196
LaTeX Info: Redefining \frac on input line 234.
\uproot@=\count197
\leftroot@=\count198
LaTeX Info: Redefining \overline on input line 399.
LaTeX Info: Redefining \colon on input line 410.
\classnum@=\count199
\DOTSCASE@=\count266
LaTeX Info: Redefining \ldots on input line 496.
LaTeX Info: Redefining \dots on input line 499.
LaTeX Info: Redefining \cdots on input line 620.
\Mathstrutbox@=\box51
\strutbox@=\box52
LaTeX Info: Redefining \big on input line 722.
LaTeX Info: Redefining \Big on input line 723.
LaTeX Info: Redefining \bigg on input line 724.
LaTeX Info: Redefining \Bigg on input line 725.
\big@size=\dimen143
LaTeX Font Info:    Redeclaring font encoding OML on input line 743.
LaTeX Font Info:    Redeclaring font encoding OMS on input line 744.
\macc@depth=\count267
LaTeX Info: Redefining \bmod on input line 905.
LaTeX Info: Redefining \pmod on input line 910.
LaTeX Info: Redefining \smash on input line 940.
LaTeX Info: Redefining \relbar on input line 970.
LaTeX Info: Redefining \Relbar on input line 971.
\c@MaxMatrixCols=\count268
\dotsspace@=\muskip16
\c@parentequation=\count269
\dspbrk@lvl=\count270
\tag@help=\toks18
\row@=\count271
\column@=\count272
\maxfields@=\count273
\andhelp@=\toks19
\eqnshift@=\dimen144
\alignsep@=\dimen145
\tagshift@=\dimen146
\tagwidth@=\dimen147
\totwidth@=\dimen148
\lineht@=\dimen149
\@envbody=\toks20
\multlinegap=\skip51
\multlinetaggap=\skip52
\mathdisplay@stack=\toks21
LaTeX Info: Redefining \[ on input line 2953.
LaTeX Info: Redefining \] on input line 2954.
) (/home/ilia/.TinyTeX/texmf-dist/tex/latex/amsfonts/amssymb.sty
Package: amssymb 2013/01/14 v3.01 AMS font symbols
(/home/ilia/.TinyTeX/texmf-dist/tex/latex/amsfonts/amsfonts.sty
Package: amsfonts 2013/01/14 v3.01 Basic AMSFonts support
\symAMSa=\mathgroup4
\symAMSb=\mathgroup5
LaTeX Font Info:    Redeclaring math symbol \hbar on input line 98.
LaTeX Font Info:    Overwriting math alphabet `\mathfrak' in version `bold'
(Font)                  U/euf/m/n --> U/euf/b/n on input line 106.
)) (/home/ilia/.TinyTeX/texmf-dist/tex/generic/iftex/iftex.sty
Package: iftex 2022/02/03 v1.0f TeX engine tests
) (/home/ilia/.TinyTeX/texmf-dist/tex/latex/base/fontenc.sty
Package: fontenc 2021/04/29 v2.0v Standard LaTeX package
) (/home/ilia/.TinyTeX/texmf-dist/tex/latex/base/inputenc.sty
Package: inputenc 2021/02/14 v1.3d Input encoding file
\inpenc@prehook=\toks22
\inpenc@posthook=\toks23
) (/home/ilia/.TinyTeX/texmf-dist/tex/latex/base/textcomp.sty
Package: textcomp 2020/02/02 v2.0n Standard LaTeX package
) (/home/ilia/.TinyTeX/texmf-dist/tex/latex/lm/lmodern.sty
Package: lmodern 2015/05/01 v1.6.1 Latin Modern Fonts
LaTeX Font Info:    Overwriting symbol font `operators' in version `normal'
(Font)                  OT1/cmr/m/n --> OT1/lmr/m/n on input line 22.
LaTeX Font Info:    Overwriting symbol font `letters' in version `normal'
(Font)                  OML/cmm/m/it --> OML/lmm/m/it on input line 23.
LaTeX Font Info:    Overwriting symbol font `symbols' in version `normal'
(Font)                  OMS/cmsy/m/n --> OMS/lmsy/m/n on input line 24.
LaTeX Font Info:    Overwriting symbol font `largesymbols' in version `normal'
(Font)                  OMX/cmex/m/n --> OMX/lmex/m/n on input line 25.
LaTeX Font Info:    Overwriting symbol font `operators' in version `bold'
(Font)                  OT1/cmr/bx/n --> OT1/lmr/bx/n on input line 26.
LaTeX Font Info:    Overwriting symbol font `letters' in version `bold'
(Font)                  OML/cmm/b/it --> OML/lmm/b/it on input line 27.
LaTeX Font Info:    Overwriting symbol font `symbols' in version `bold'
(Font)                  OMS/cmsy/b/n --> OMS/lmsy/b/n on input line 28.
LaTeX Font Info:    Overwriting symbol font `largesymbols' in version `bold'
(Font)                  OMX/cmex/m/n --> OMX/lmex/m/n on input line 29.
LaTeX Font Info:    Overwriting math alphabet `\mathbf' in version `normal'
(Font)                  OT1/cmr/bx/n --> OT1/lmr/bx/n on input line 31.
LaTeX Font Info:    Overwriting math alphabet `\mathsf' in version `normal'
(Font)                  OT1/cmss/m/n --> OT1/lmss/m/n on input line 32.
LaTeX Font Info:    Overwriting math alphabet `\mathit' in version `normal'
(Font)                  OT1/cmr/m/it --> OT1/lmr/m/it on input line 33.
LaTeX Font Info:    Overwriting math alphabet `\mathtt' in version `normal'
(Font)                  OT1/cmtt/m/n --> OT1/lmtt/m/n on input line 34.
LaTeX Font Info:    Overwriting math alphabet `\mathbf' in version `bold'
(Font)                  OT1/cmr/bx/n --> OT1/lmr/bx/n on input line 35.
LaTeX Font Info:    Overwriting math alphabet `\mathsf' in version `bold'
(Font)                  OT1/cmss/bx/n --> OT1/lmss/bx/n on input line 36.
LaTeX Font Info:    Overwriting math alphabet `\mathit' in version `bold'
(Font)                  OT1/cmr/bx/it --> OT1/lmr/bx/it on input line 37.
LaTeX Font Info:    Overwriting math alphabet `\mathtt' in version `bold'
(Font)                  OT1/cmtt/m/n --> OT1/lmtt/m/n on input line 38.
) (/home/ilia/.TinyTeX/texmf-dist/tex/latex/upquote/upquote.sty
Package: upquote 2012/04/19 v1.3 upright-quote and grave-accent glyphs in verbatim
) (/home/ilia/.TinyTeX/texmf-dist/tex/latex/microtype/microtype.sty
Package: microtype 2023/03/13 v3.1a Micro-typographical refinements (RS)
(/home/ilia/.TinyTeX/texmf-dist/tex/latex/graphics/keyval.sty
Package: keyval 2022/05/29 v1.15 key=value parser (DPC)
\KV@toks@=\toks24
) (/home/ilia/.TinyTeX/texmf-dist/tex/latex/etoolbox/etoolbox.sty
Package: etoolbox 2020/10/05 v2.5k e-TeX tools for LaTeX (JAW)
\etb@tempcnta=\count274
)
\MT@toks=\toks25
\MT@tempbox=\box53
\MT@count=\count275
LaTeX Info: Redefining \noprotrusionifhmode on input line 1059.
LaTeX Info: Redefining \leftprotrusion on input line 1060.
\MT@prot@toks=\toks26
LaTeX Info: Redefining \rightprotrusion on input line 1078.
LaTeX Info: Redefining \textls on input line 1368.
\MT@outer@kern=\dimen150
LaTeX Info: Redefining \textmicrotypecontext on input line 1988.
\MT@listname@count=\count276
(/home/ilia/.TinyTeX/texmf-dist/tex/latex/microtype/microtype-pdftex.def
File: microtype-pdftex.def 2023/03/13 v3.1a Definitions specific to pdftex (RS)
LaTeX Info: Redefining \lsstyle on input line 902.
LaTeX Info: Redefining \lslig on input line 902.
\MT@outer@space=\skip53
)
Package microtype Info: Loading configuration file microtype.cfg.
(/home/ilia/.TinyTeX/texmf-dist/tex/latex/microtype/microtype.cfg
File: microtype.cfg 2023/03/13 v3.1a microtype main configuration file (RS)
)) (/home/ilia/.TinyTeX/texmf-dist/tex/latex/parskip/parskip.sty
Package: parskip 2021-03-14 v2.0h non-zero parskip adjustments
(/home/ilia/.TinyTeX/texmf-dist/tex/latex/kvoptions/kvoptions.sty
Package: kvoptions 2022-06-15 v3.15 Key value format for package options (HO)
(/home/ilia/.TinyTeX/texmf-dist/tex/generic/ltxcmds/ltxcmds.sty
Package: ltxcmds 2023-12-04 v1.26 LaTeX kernel commands for general use (HO)
) (/home/ilia/.TinyTeX/texmf-dist/tex/latex/kvsetkeys/kvsetkeys.sty
Package: kvsetkeys 2022-10-05 v1.19 Key value parser (HO)
))) (/home/ilia/.TinyTeX/texmf-dist/tex/latex/xcolor/xcolor.sty
Package: xcolor 2023/11/15 v3.01 LaTeX color extensions (UK)
(/home/ilia/.TinyTeX/texmf-dist/tex/latex/graphics-cfg/color.cfg
File: color.cfg 2016/01/02 v1.6 sample color configuration
)
Package xcolor Info: Driver file: pdftex.def on input line 274.
(/home/ilia/.TinyTeX/texmf-dist/tex/latex/graphics-def/pdftex.def
File: pdftex.def 2022/09/22 v1.2b Graphics/color driver for pdftex
) (/home/ilia/.TinyTeX/texmf-dist/tex/latex/graphics/mathcolor.ltx)
Package xcolor Info: Model `cmy' substituted by `cmy0' on input line 1350.
Package xcolor Info: Model `hsb' substituted by `rgb' on input line 1354.
Package xcolor Info: Model `RGB' extended on input line 1366.
Package xcolor Info: Model `HTML' substituted by `rgb' on input line 1368.
Package xcolor Info: Model `Hsb' substituted by `hsb' on input line 1369.
Package xcolor Info: Model `tHsb' substituted by `hsb' on input line 1370.
Package xcolor Info: Model `HSB' substituted by `hsb' on input line 1371.
Package xcolor Info: Model `Gray' substituted by `gray' on input line 1372.
Package xcolor Info: Model `wave' substituted by `hsb' on input line 1373.
) (/home/ilia/.TinyTeX/texmf-dist/tex/latex/fancyvrb/fancyvrb.sty
Package: fancyvrb 2024/01/20 4.5c verbatim text (tvz,hv)
\FV@CodeLineNo=\count277
\FV@InFile=\read2
\FV@TabBox=\box54
\c@FancyVerbLine=\count278
\FV@StepNumber=\count279
\FV@OutFile=\write3
) (/home/ilia/.TinyTeX/texmf-dist/tex/latex/framed/framed.sty
Package: framed 2011/10/22 v 0.96: framed or shaded text with page breaks
\OuterFrameSep=\skip54
\fb@frw=\dimen151
\fb@frh=\dimen152
\FrameRule=\dimen153
\FrameSep=\dimen154
) (/home/ilia/.TinyTeX/texmf-dist/tex/latex/tools/longtable.sty
Package: longtable 2023-11-01 v4.19 Multi-page Table package (DPC)
\LTleft=\skip55
\LTright=\skip56
\LTpre=\skip57
\LTpost=\skip58
\LTchunksize=\count280
\LTcapwidth=\dimen155
\LT@head=\box55
\LT@firsthead=\box56
\LT@foot=\box57
\LT@lastfoot=\box58
\LT@gbox=\box59
\LT@cols=\count281
\LT@rows=\count282
\c@LT@tables=\count283
\c@LT@chunks=\count284
\LT@p@ftn=\toks27
) (/home/ilia/.TinyTeX/texmf-dist/tex/latex/booktabs/booktabs.sty
Package: booktabs 2020/01/12 v1.61803398 Publication quality tables
\heavyrulewidth=\dimen156
\lightrulewidth=\dimen157
\cmidrulewidth=\dimen158
\belowrulesep=\dimen159
\belowbottomsep=\dimen160
\aboverulesep=\dimen161
\abovetopsep=\dimen162
\cmidrulesep=\dimen163
\cmidrulekern=\dimen164
\defaultaddspace=\dimen165
\@cmidla=\count285
\@cmidlb=\count286
\@aboverulesep=\dimen166
\@belowrulesep=\dimen167
\@thisruleclass=\count287
\@lastruleclass=\count288
\@thisrulewidth=\dimen168
) (/home/ilia/.TinyTeX/texmf-dist/tex/latex/tools/array.sty
Package: array 2023/10/16 v2.5g Tabular extension package (FMi)
\col@sep=\dimen169
\ar@mcellbox=\box60
\extrarowheight=\dimen170
\NC@list=\toks28
\extratabsurround=\skip59
\backup@length=\skip60
\ar@cellbox=\box61
) (/home/ilia/.TinyTeX/texmf-dist/tex/latex/tools/calc.sty
Package: calc 2023/07/08 v4.3 Infix arithmetic (KKT,FJ)
\calc@Acount=\count289
\calc@Bcount=\count290
\calc@Adimen=\dimen171
\calc@Bdimen=\dimen172
\calc@Askip=\skip61
\calc@Bskip=\skip62
LaTeX Info: Redefining \setlength on input line 80.
LaTeX Info: Redefining \addtolength on input line 81.
\calc@Ccount=\count291
\calc@Cskip=\skip63
) (/home/ilia/.TinyTeX/texmf-dist/tex/latex/mdwtools/footnote.sty
Package: footnote 1997/01/28 1.13 Save footnotes around boxes
\fn@notes=\box62
\fn@width=\dimen173
) (/home/ilia/.TinyTeX/texmf-dist/tex/latex/graphics/graphicx.sty
Package: graphicx 2021/09/16 v1.2d Enhanced LaTeX Graphics (DPC,SPQR)
(/home/ilia/.TinyTeX/texmf-dist/tex/latex/graphics/graphics.sty
Package: graphics 2022/03/10 v1.4e Standard LaTeX Graphics (DPC,SPQR)
(/home/ilia/.TinyTeX/texmf-dist/tex/latex/graphics/trig.sty
Package: trig 2021/08/11 v1.11 sin cos tan (DPC)
) (/home/ilia/.TinyTeX/texmf-dist/tex/latex/graphics-cfg/graphics.cfg
File: graphics.cfg 2016/06/04 v1.11 sample graphics configuration
)
Package graphics Info: Driver file: pdftex.def on input line 107.
)
\Gin@req@height=\dimen174
\Gin@req@width=\dimen175
) (/home/ilia/.TinyTeX/texmf-dist/tex/latex/amscls/amsthm.sty
Package: amsthm 2020/05/29 v2.20.6
\thm@style=\toks29
\thm@bodyfont=\toks30
\thm@headfont=\toks31
\thm@notefont=\toks32
\thm@headpunct=\toks33
\thm@preskip=\skip64
\thm@postskip=\skip65
\thm@headsep=\skip66
\dth@everypar=\toks34
) (/home/ilia/.TinyTeX/texmf-dist/tex/latex/multirow/multirow.sty
Package: multirow 2021/03/15 v2.8 Span multiple rows of a table
\multirow@colwidth=\skip67
\multirow@cntb=\count292
\multirow@dima=\skip68
\bigstrutjot=\dimen176
) (/home/ilia/.TinyTeX/texmf-dist/tex/latex/wrapfig/wrapfig.sty
\wrapoverhang=\dimen177
\WF@size=\dimen178
\c@WF@wrappedlines=\count293
\WF@box=\box63
\WF@everypar=\toks35
Package: wrapfig 2003/01/31  v 3.6
) (/home/ilia/.TinyTeX/texmf-dist/tex/latex/float/float.sty
Package: float 2001/11/08 v1.3d Float enhancements (AL)
\c@float@type=\count294
\float@exts=\toks36
\float@box=\box64
\@float@everytoks=\toks37
\@floatcapt=\box65
) (/home/ilia/.TinyTeX/texmf-dist/tex/latex/colortbl/colortbl.sty
Package: colortbl 2022/06/20 v1.0f Color table columns (DPC)
\everycr=\toks38
\minrowclearance=\skip69
\rownum=\count295
) (/home/ilia/.TinyTeX/texmf-dist/tex/latex/pdflscape/pdflscape.sty
Package: pdflscape 2022-10-27 v0.13 Display of landscape pages in PDF
(/home/ilia/.TinyTeX/texmf-dist/tex/latex/pdflscape/pdflscape-nometadata.sty
Package: pdflscape-nometadata 2022-10-28 v0.13 Display of landscape pages in PDF (HO)
(/home/ilia/.TinyTeX/texmf-dist/tex/latex/graphics/lscape.sty
Package: lscape 2020/05/28 v3.02 Landscape Pages (DPC)
)
Package pdflscape Info: Auto-detected driver: pdftex on input line 81.
)) (/home/ilia/.TinyTeX/texmf-dist/tex/latex/tabu/tabu.sty
Package: tabu 2019/01/11 v2.9 - flexible LaTeX tabulars (FC+tabu-fixed)
(/home/ilia/.TinyTeX/texmf-dist/tex/latex/varwidth/varwidth.sty
Package: varwidth 2009/03/30 ver 0.92;  Variable-width minipages
\@vwid@box=\box66
\sift@deathcycles=\count296
\@vwid@loff=\dimen179
\@vwid@roff=\dimen180
)
\c@taburow=\count297
\tabu@nbcols=\count298
\tabu@cnt=\count299
\tabu@Xcol=\count300
\tabu@alloc=\count301
\tabu@nested=\count302
\tabu@target=\dimen181
\tabu@spreadtarget=\dimen182
\tabu@naturalX=\dimen183
\tabucolX=\dimen184
\tabu@Xsum=\dimen185
\extrarowdepth=\dimen186
\abovetabulinesep=\dimen187
\belowtabulinesep=\dimen188
\tabustrutrule=\dimen189
\tabu@thebody=\toks39
\tabu@footnotes=\toks40
\tabu@box=\box67
\tabu@arstrutbox=\box68
\tabu@hleads=\box69
\tabu@vleads=\box70
\tabu@cellskip=\skip70
) (/home/ilia/.TinyTeX/texmf-dist/tex/latex/threeparttable/threeparttable.sty
Package: threeparttable 2003/06/13  v 3.0
\@tempboxb=\box71
) (/home/ilia/.TinyTeX/texmf-dist/tex/latex/threeparttablex/threeparttablex.sty
Package: threeparttablex 2013/07/23 v0.3 by daleif
(/home/ilia/.TinyTeX/texmf-dist/tex/latex/environ/environ.sty
Package: environ 2014/05/04 v0.3 A new way to define environments
(/home/ilia/.TinyTeX/texmf-dist/tex/latex/trimspaces/trimspaces.sty
Package: trimspaces 2009/09/17 v1.1 Trim spaces around a token list
))
\TPTL@width=\skip71
) (/home/ilia/.TinyTeX/texmf-dist/tex/generic/ulem/ulem.sty
\UL@box=\box72
\UL@hyphenbox=\box73
\UL@skip=\skip72
\UL@hook=\toks41
\UL@height=\dimen190
\UL@pe=\count303
\UL@pixel=\dimen191
\ULC@box=\box74
Package: ulem 2019/11/18
\ULdepth=\dimen192
) (/home/ilia/.TinyTeX/texmf-dist/tex/latex/makecell/makecell.sty
Package: makecell 2009/08/03 V0.1e Managing of Tab Column Heads and Cells
\rotheadsize=\dimen193
\c@nlinenum=\count304
\TeXr@lab=\toks42
) (/home/ilia/.TinyTeX/texmf-dist/tex/latex/natbib/natbib.sty
Package: natbib 2010/09/13 8.31b (PWD, AO)
\bibhang=\skip73
\bibsep=\skip74
LaTeX Info: Redefining \cite on input line 694.
\c@NAT@ctr=\count305
) (/home/ilia/.TinyTeX/texmf-dist/tex/latex/bookmark/bookmark.sty
Package: bookmark 2023-12-10 v1.31 PDF bookmarks (HO)
(/home/ilia/.TinyTeX/texmf-dist/tex/latex/hyperref/hyperref.sty
Package: hyperref 2024-01-20 v7.01h Hypertext links for LaTeX
(/home/ilia/.TinyTeX/texmf-dist/tex/generic/kvdefinekeys/kvdefinekeys.sty
Package: kvdefinekeys 2019-12-19 v1.6 Define keys (HO)
) (/home/ilia/.TinyTeX/texmf-dist/tex/generic/pdfescape/pdfescape.sty
Package: pdfescape 2019/12/09 v1.15 Implements pdfTeX's escape features (HO)
(/home/ilia/.TinyTeX/texmf-dist/tex/generic/pdftexcmds/pdftexcmds.sty
Package: pdftexcmds 2020-06-27 v0.33 Utility functions of pdfTeX for LuaTeX (HO)
(/home/ilia/.TinyTeX/texmf-dist/tex/generic/infwarerr/infwarerr.sty
Package: infwarerr 2019/12/03 v1.5 Providing info/warning/error messages (HO)
)
Package pdftexcmds Info: \pdf@primitive is available.
Package pdftexcmds Info: \pdf@ifprimitive is available.
Package pdftexcmds Info: \pdfdraftmode found.
)) (/home/ilia/.TinyTeX/texmf-dist/tex/latex/hycolor/hycolor.sty
Package: hycolor 2020-01-27 v1.10 Color options for hyperref/bookmark (HO)
) (/home/ilia/.TinyTeX/texmf-dist/tex/latex/auxhook/auxhook.sty
Package: auxhook 2019-12-17 v1.6 Hooks for auxiliary files (HO)
) (/home/ilia/.TinyTeX/texmf-dist/tex/latex/hyperref/nameref.sty
Package: nameref 2023-11-26 v2.56 Cross-referencing by name of section
(/home/ilia/.TinyTeX/texmf-dist/tex/latex/refcount/refcount.sty
Package: refcount 2019/12/15 v3.6 Data extraction from label references (HO)
) (/home/ilia/.TinyTeX/texmf-dist/tex/generic/gettitlestring/gettitlestring.sty
Package: gettitlestring 2019/12/15 v1.6 Cleanup title references (HO)
)
\c@section@level=\count306
)
\@linkdim=\dimen194
\Hy@linkcounter=\count307
\Hy@pagecounter=\count308
(/home/ilia/.TinyTeX/texmf-dist/tex/latex/hyperref/pd1enc.def
File: pd1enc.def 2024-01-20 v7.01h Hyperref: PDFDocEncoding definition (HO)
Now handling font encoding PD1 ...
... no UTF-8 mapping file for font encoding PD1
) (/home/ilia/.TinyTeX/texmf-dist/tex/generic/intcalc/intcalc.sty
Package: intcalc 2019/12/15 v1.3 Expandable calculations with integers (HO)
)
\Hy@SavedSpaceFactor=\count309
(/home/ilia/.TinyTeX/texmf-dist/tex/latex/hyperref/puenc.def
File: puenc.def 2024-01-20 v7.01h Hyperref: PDF Unicode definition (HO)
Now handling font encoding PU ...
... no UTF-8 mapping file for font encoding PU
)
Package hyperref Info: Option `unicode' set `true' on input line 4062.
Package hyperref Info: Hyper figures OFF on input line 4179.
Package hyperref Info: Link nesting OFF on input line 4184.
Package hyperref Info: Hyper index ON on input line 4187.
Package hyperref Info: Plain pages OFF on input line 4194.
Package hyperref Info: Backreferencing OFF on input line 4199.
Package hyperref Info: Implicit mode ON; LaTeX internals redefined.
Package hyperref Info: Bookmarks ON on input line 4446.
\c@Hy@tempcnt=\count310
(/home/ilia/.TinyTeX/texmf-dist/tex/latex/url/url.sty
\Urlmuskip=\muskip17
Package: url 2013/09/16  ver 3.4  Verb mode for urls, etc.
)
LaTeX Info: Redefining \url on input line 4784.
\XeTeXLinkMargin=\dimen195
(/home/ilia/.TinyTeX/texmf-dist/tex/generic/bitset/bitset.sty
Package: bitset 2019/12/09 v1.3 Handle bit-vector datatype (HO)
(/home/ilia/.TinyTeX/texmf-dist/tex/generic/bigintcalc/bigintcalc.sty
Package: bigintcalc 2019/12/15 v1.5 Expandable calculations on big integers (HO)
))
\Fld@menulength=\count311
\Field@Width=\dimen196
\Fld@charsize=\dimen197
Package hyperref Info: Hyper figures OFF on input line 6063.
Package hyperref Info: Link nesting OFF on input line 6068.
Package hyperref Info: Hyper index ON on input line 6071.
Package hyperref Info: backreferencing OFF on input line 6078.
Package hyperref Info: Link coloring OFF on input line 6083.
Package hyperref Info: Link coloring with OCG OFF on input line 6088.
Package hyperref Info: PDF/A mode OFF on input line 6093.
(/home/ilia/.TinyTeX/texmf-dist/tex/latex/base/atbegshi-ltx.sty
Package: atbegshi-ltx 2021/01/10 v1.0c Emulation of the original atbegshi
package with kernel methods
)
\Hy@abspage=\count312
\c@Item=\count313
\c@Hfootnote=\count314
)
Package hyperref Info: Driver (autodetected): hpdftex.
(/home/ilia/.TinyTeX/texmf-dist/tex/latex/hyperref/hpdftex.def
File: hpdftex.def 2024-01-20 v7.01h Hyperref driver for pdfTeX
(/home/ilia/.TinyTeX/texmf-dist/tex/latex/base/atveryend-ltx.sty
Package: atveryend-ltx 2020/08/19 v1.0a Emulation of the original atveryend package
with kernel methods
)
\Fld@listcount=\count315
\c@bookmark@seq@number=\count316
(/home/ilia/.TinyTeX/texmf-dist/tex/latex/rerunfilecheck/rerunfilecheck.sty
Package: rerunfilecheck 2022-07-10 v1.10 Rerun checks for auxiliary files (HO)
(/home/ilia/.TinyTeX/texmf-dist/tex/generic/uniquecounter/uniquecounter.sty
Package: uniquecounter 2019/12/15 v1.4 Provide unlimited unique counter (HO)
)
Package uniquecounter Info: New unique counter `rerunfilecheck' on input line 285.
)
\Hy@SectionHShift=\skip75
) (/home/ilia/.TinyTeX/texmf-dist/tex/latex/bookmark/bkm-pdftex.def
File: bkm-pdftex.def 2023-12-10 v1.31 bookmark driver for pdfTeX and luaTeX (HO)
\BKM@id=\count317
))
LaTeX Font Info:    Trying to load font information for T1+lmr on input line 146.
(/home/ilia/.TinyTeX/texmf-dist/tex/latex/lm/t1lmr.fd
File: t1lmr.fd 2015/05/01 v1.6.1 Font defs for Latin Modern
) (/home/ilia/.TinyTeX/texmf-dist/tex/latex/l3backend/l3backend-pdftex.def
File: l3backend-pdftex.def 2024-01-04 L3 backend support: PDF output (pdfTeX)
\l__color_backend_stack_int=\count318
\l__pdf_internal_box=\box75
) (./SIR-covid-2020.aux)
\openout1 = `SIR-covid-2020.aux'.

LaTeX Font Info:    Checking defaults for OML/cmm/m/it on input line 146.
LaTeX Font Info:    ... okay on input line 146.
LaTeX Font Info:    Checking defaults for OMS/cmsy/m/n on input line 146.
LaTeX Font Info:    ... okay on input line 146.
LaTeX Font Info:    Checking defaults for OT1/cmr/m/n on input line 146.
LaTeX Font Info:    ... okay on input line 146.
LaTeX Font Info:    Checking defaults for T1/cmr/m/n on input line 146.
LaTeX Font Info:    ... okay on input line 146.
LaTeX Font Info:    Checking defaults for TS1/cmr/m/n on input line 146.
LaTeX Font Info:    ... okay on input line 146.
LaTeX Font Info:    Checking defaults for OMX/cmex/m/n on input line 146.
LaTeX Font Info:    ... okay on input line 146.
LaTeX Font Info:    Checking defaults for U/cmr/m/n on input line 146.
LaTeX Font Info:    ... okay on input line 146.
LaTeX Font Info:    Checking defaults for PD1/pdf/m/n on input line 146.
LaTeX Font Info:    ... okay on input line 146.
LaTeX Font Info:    Checking defaults for PU/pdf/m/n on input line 146.
LaTeX Font Info:    ... okay on input line 146.
LaTeX Info: Redefining \microtypecontext on input line 146.
Package microtype Info: Applying patch `item' on input line 146.
Package microtype Info: Applying patch `toc' on input line 146.
Package microtype Info: Applying patch `eqnum' on input line 146.
Package microtype Info: Applying patch `footnote' on input line 146.
Package microtype Info: Applying patch `verbatim' on input line 146.
Package microtype Info: Generating PDF output.
Package microtype Info: Character protrusion enabled (level 2).
Package microtype Info: Using protrusion set `basicmath'.
Package microtype Info: Automatic font expansion enabled (level 2),
(microtype)             stretch: 20, shrink: 20, step: 1, non-selected.
Package microtype Info: Using default expansion set `alltext-nott'.
LaTeX Info: Redefining \showhyphens on input line 146.
Package microtype Info: No adjustment of tracking.
Package microtype Info: No adjustment of interword spacing.
Package microtype Info: No adjustment of character kerning.
(/home/ilia/.TinyTeX/texmf-dist/tex/latex/microtype/mt-cmr.cfg
File: mt-cmr.cfg 2013/05/19 v2.2 microtype config. file: Computer Modern Roman (RS)
) (/home/ilia/.TinyTeX/texmf-dist/tex/latex/epstopdf-pkg/epstopdf-base.sty
Package: epstopdf-base 2020-01-24 v2.11 Base part for package epstopdf
Package epstopdf-base Info: Redefining graphics rule for `.eps' on input line 485.
(/home/ilia/.TinyTeX/texmf-dist/tex/latex/latexconfig/epstopdf-sys.cfg
File: epstopdf-sys.cfg 2010/07/13 v1.3 Configuration of (r)epstopdf for TeX Live
))
Package hyperref Info: Link coloring OFF on input line 146.
LaTeX Font Info:    Trying to load font information for OT1+lmr on input line 148.
(/home/ilia/.TinyTeX/texmf-dist/tex/latex/lm/ot1lmr.fd
File: ot1lmr.fd 2015/05/01 v1.6.1 Font defs for Latin Modern
)
LaTeX Font Info:    Trying to load font information for OML+lmm on input line 148.
(/home/ilia/.TinyTeX/texmf-dist/tex/latex/lm/omllmm.fd
File: omllmm.fd 2015/05/01 v1.6.1 Font defs for Latin Modern
)
LaTeX Font Info:    Trying to load font information for OMS+lmsy on input line 148.
(/home/ilia/.TinyTeX/texmf-dist/tex/latex/lm/omslmsy.fd
File: omslmsy.fd 2015/05/01 v1.6.1 Font defs for Latin Modern
)
LaTeX Font Info:    Trying to load font information for OMX+lmex on input line 148.
(/home/ilia/.TinyTeX/texmf-dist/tex/latex/lm/omxlmex.fd
File: omxlmex.fd 2015/05/01 v1.6.1 Font defs for Latin Modern
)
LaTeX Font Info:    External font `lmex10' loaded for size
(Font)              <12> on input line 148.
LaTeX Font Info:    External font `lmex10' loaded for size
(Font)              <8> on input line 148.
LaTeX Font Info:    External font `lmex10' loaded for size
(Font)              <6> on input line 148.
LaTeX Font Info:    Trying to load font information for U+msa on input line 148.
(/home/ilia/.TinyTeX/texmf-dist/tex/latex/amsfonts/umsa.fd
File: umsa.fd 2013/01/14 v3.01 AMS symbols A
) (/home/ilia/.TinyTeX/texmf-dist/tex/latex/microtype/mt-msa.cfg
File: mt-msa.cfg 2006/02/04 v1.1 microtype config. file: AMS symbols (a) (RS)
)
LaTeX Font Info:    Trying to load font information for U+msb on input line 148.
(/home/ilia/.TinyTeX/texmf-dist/tex/latex/amsfonts/umsb.fd
File: umsb.fd 2013/01/14 v3.01 AMS symbols B
) (/home/ilia/.TinyTeX/texmf-dist/tex/latex/microtype/mt-msb.cfg
File: mt-msb.cfg 2005/06/01 v1.0 microtype config. file: AMS symbols (b) (RS)
) [1


{/home/ilia/.TinyTeX/texmf-var/fonts/map/pdftex/updmap/pdftex.map}{/home/ilia/.TinyTeX/texmf-dist/fonts/enc/dvips/lm/lm-ec.enc}] [2

] (./SIR-covid-2020.toc
LaTeX Font Info:    External font `lmex10' loaded for size
(Font)              <10> on input line 2.
LaTeX Font Info:    External font `lmex10' loaded for size
(Font)              <7> on input line 2.
LaTeX Font Info:    External font `lmex10' loaded for size
(Font)              <5> on input line 2.
)
\tf@toc=\write4
\openout4 = `SIR-covid-2020.toc'.

[3] [4

]
Chapter 1.
LaTeX Font Info:    Trying to load font information for TS1+lmr on input line 176.
(/home/ilia/.TinyTeX/texmf-dist/tex/latex/lm/ts1lmr.fd
File: ts1lmr.fd 2015/05/01 v1.6.1 Font defs for Latin Modern
) [5{/home/ilia/.TinyTeX/texmf-dist/fonts/enc/dvips/lm/lm-ts1.enc}] [6{/home/ilia/.TinyTeX/texmf-dist/fonts/enc/dvips/lm/lm-mathit.enc}{/home/ilia/.TinyTeX/texmf-dist/fonts/enc/dvips/lm/lm-rm.enc}{/home/ilia/.TinyTeX/texmf-dist/fonts/enc/dvips/lm/lm-mathsy.enc}{/home/ilia/.TinyTeX/texmf-dist/fonts/enc/dvips/lm/lm-mathex.enc}]
Chapter 2.
[7

]
Overfull \hbox (93.95468pt too wide) in paragraph at lines 243--352
 [][] 
 []


LaTeX Warning: Float too large for page by 107.19968pt on input line 352.


LaTeX Warning: Float too large for page by 1619.99893pt on input line 713.


LaTeX Warning: Float too large for page by 1619.99893pt on input line 1072.

<SIR-covid-2020_files/figure-latex/unnamed-chunk-8-1.pdf, id=96, 433.62pt x 266.9975pt>
File: SIR-covid-2020_files/figure-latex/unnamed-chunk-8-1.pdf Graphic file (type pdf)
<use SIR-covid-2020_files/figure-latex/unnamed-chunk-8-1.pdf>
Package pdftex.def Info: SIR-covid-2020_files/figure-latex/unnamed-chunk-8-1.pdf  used on input line 1076.
(pdftex.def)             Requested size: 310.51233pt x 191.19508pt.
<SIR-covid-2020_files/figure-latex/unnamed-chunk-9-1.pdf, id=97, 433.62pt x 266.9975pt>
File: SIR-covid-2020_files/figure-latex/unnamed-chunk-9-1.pdf Graphic file (type pdf)
<use SIR-covid-2020_files/figure-latex/unnamed-chunk-9-1.pdf>
Package pdftex.def Info: SIR-covid-2020_files/figure-latex/unnamed-chunk-9-1.pdf  used on input line 1082.
(pdftex.def)             Requested size: 310.51233pt x 191.19508pt.

Underfull \vbox (badness 10000) has occurred while \output is active []

[8 <./SIR-covid-2020_files/figure-latex/unnamed-chunk-8-1.pdf>] [9] [10] [11]

LaTeX Warning: Float too large for page by 1619.99893pt on input line 1443.


LaTeX Warning: Float too large for page by 1619.99893pt on input line 1802.

<SIR-covid-2020_files/figure-latex/unnamed-chunk-12-1.pdf, id=120, 433.62pt x 266.9975pt>
File: SIR-covid-2020_files/figure-latex/unnamed-chunk-12-1.pdf Graphic file (type pdf)
<use SIR-covid-2020_files/figure-latex/unnamed-chunk-12-1.pdf>
Package pdftex.def Info: SIR-covid-2020_files/figure-latex/unnamed-chunk-12-1.pdf  used on input line 1806.
(pdftex.def)             Requested size: 310.51233pt x 191.19508pt.

Underfull \vbox (badness 10000) has occurred while \output is active []

[12 <./SIR-covid-2020_files/figure-latex/unnamed-chunk-9-1.pdf>] [13] [14]
<SIR-covid-2020_files/figure-latex/unnamed-chunk-13-1.pdf, id=140, 433.62pt x 266.9975pt>
File: SIR-covid-2020_files/figure-latex/unnamed-chunk-13-1.pdf Graphic file (type pdf)
<use SIR-covid-2020_files/figure-latex/unnamed-chunk-13-1.pdf>
Package pdftex.def Info: SIR-covid-2020_files/figure-latex/unnamed-chunk-13-1.pdf  used on input line 1812.
(pdftex.def)             Requested size: 310.51233pt x 191.19508pt.
[15 <./SIR-covid-2020_files/figure-latex/unnamed-chunk-12-1.pdf> <./SIR-covid-2020_files/figure-latex/unnamed-chunk-13-1.pdf>]

LaTeX Warning: Float too large for page by 1619.99893pt on input line 2175.

<SIR-covid-2020_files/figure-latex/unnamed-chunk-15-1.pdf, id=158, 433.62pt x 266.9975pt>
File: SIR-covid-2020_files/figure-latex/unnamed-chunk-15-1.pdf Graphic file (type pdf)
<use SIR-covid-2020_files/figure-latex/unnamed-chunk-15-1.pdf>
Package pdftex.def Info: SIR-covid-2020_files/figure-latex/unnamed-chunk-15-1.pdf  used on input line 2179.
(pdftex.def)             Requested size: 310.51233pt x 191.19508pt.
<SIR-covid-2020_files/figure-latex/unnamed-chunk-16-1.pdf, id=159, 433.62pt x 266.9975pt>
File: SIR-covid-2020_files/figure-latex/unnamed-chunk-16-1.pdf Graphic file (type pdf)
<use SIR-covid-2020_files/figure-latex/unnamed-chunk-16-1.pdf>
Package pdftex.def Info: SIR-covid-2020_files/figure-latex/unnamed-chunk-16-1.pdf  used on input line 2185.
(pdftex.def)             Requested size: 310.51233pt x 191.19508pt.

Underfull \vbox (badness 10000) has occurred while \output is active []

[16 <./SIR-covid-2020_files/figure-latex/unnamed-chunk-15-1.pdf>] [17]
Overfull \hbox (119.20268pt too wide) in paragraph at lines 2195--2444
 [][] 
 []


LaTeX Warning: Float too large for page by 975.19925pt on input line 2444.

[18 <./SIR-covid-2020_files/figure-latex/unnamed-chunk-16-1.pdf>] [19]
Overfull \hbox (162.82806pt too wide) in paragraph at lines 2454--2701
 [][] 
 []


LaTeX Warning: Float too large for page by 962.79926pt on input line 2701.

<SIR-covid-2020_files/figure-latex/unnamed-chunk-19-1.pdf, id=188, 433.62pt x 266.9975pt>
File: SIR-covid-2020_files/figure-latex/unnamed-chunk-19-1.pdf Graphic file (type pdf)
<use SIR-covid-2020_files/figure-latex/unnamed-chunk-19-1.pdf>
Package pdftex.def Info: SIR-covid-2020_files/figure-latex/unnamed-chunk-19-1.pdf  used on input line 2707.
(pdftex.def)             Requested size: 310.51233pt x 191.19508pt.

LaTeX Warning: Float too large for page by 1619.99893pt on input line 3068.

<SIR-covid-2020_files/figure-latex/unnamed-chunk-21-1.pdf, id=189, 433.62pt x 266.9975pt>
File: SIR-covid-2020_files/figure-latex/unnamed-chunk-21-1.pdf Graphic file (type pdf)
<use SIR-covid-2020_files/figure-latex/unnamed-chunk-21-1.pdf>
Package pdftex.def Info: SIR-covid-2020_files/figure-latex/unnamed-chunk-21-1.pdf  used on input line 3072.
(pdftex.def)             Requested size: 310.51233pt x 191.19508pt.

Underfull \vbox (badness 10000) has occurred while \output is active []

[20 <./SIR-covid-2020_files/figure-latex/unnamed-chunk-19-1.pdf>] [21] [22]

LaTeX Warning: Float too large for page by 1173.59915pt on input line 3361.

LaTeX Font Info:    Trying to load font information for T1+lmtt on input line 3368.
(/home/ilia/.TinyTeX/texmf-dist/tex/latex/lm/t1lmtt.fd
File: t1lmtt.fd 2015/05/01 v1.6.1 Font defs for Latin Modern
)
LaTeX Font Info:    Trying to load font information for TS1+lmtt on input line 3388.
(/home/ilia/.TinyTeX/texmf-dist/tex/latex/lm/ts1lmtt.fd
File: ts1lmtt.fd 2015/05/01 v1.6.1 Font defs for Latin Modern
)
Overfull \hbox (59.24883pt too wide) in paragraph at lines 3388--3388
[]\T1/lmtt/m/n/10 #> Warning: Using \TS1/lmtt/m/n/10 `\T1/lmtt/m/n/10 size\TS1/lmtt/m/n/10 ` \T1/lmtt/m/n/10 aesthetic for lines was deprecated in ggplot2 3.4.0.[] 
 []

<SIR-covid-2020_files/figure-latex/unnamed-chunk-23-1.pdf, id=207, 433.62pt x 519.9425pt>
File: SIR-covid-2020_files/figure-latex/unnamed-chunk-23-1.pdf Graphic file (type pdf)
<use SIR-covid-2020_files/figure-latex/unnamed-chunk-23-1.pdf>
Package pdftex.def Info: SIR-covid-2020_files/figure-latex/unnamed-chunk-23-1.pdf  used on input line 3390.
(pdftex.def)             Requested size: 310.51233pt x 372.3273pt.
[23 <./SIR-covid-2020_files/figure-latex/unnamed-chunk-21-1.pdf>] [24] [25 <./SIR-covid-2020_files/figure-latex/unnamed-chunk-23-1.pdf>] [26] [27] [28]
Chapter 3.
LaTeX Font Info:    Font shape `T1/lmtt/bx/n' in size <10> not available
(Font)              Font shape `T1/lmtt/b/n' tried instead on input line 3545.
[29

]
<SIR-covid-2020_files/figure-latex/fit the logistic model-1.pdf, id=261, 433.62pt x 266.9975pt>
File: SIR-covid-2020_files/figure-latex/fit the logistic model-1.pdf Graphic file (type pdf)
<use SIR-covid-2020_files/figure-latex/fit the logistic model-1.pdf>
Package pdftex.def Info: SIR-covid-2020_files/figure-latex/fit the logistic model-1.pdf  used on input line 3595.
(pdftex.def)             Requested size: 310.51233pt x 191.19508pt.

Overfull \hbox (37.81483pt too wide) has occurred while \output is active
\T1/lmr/m/n/10 30 \T1/lmr/m/sl/10 CHAPTER 3.  MODELING THE SPREAD OF COVID-19 IN A SINGLE COUNTRY
 []

[30 <./SIR-covid-2020_files/figure-latex/fit the logistic model-1.pdf>]
Overfull \hbox (1.499pt too wide) in paragraph at lines 3645--3645
[]\T1/lmtt/m/n/10 #> (Dispersion parameter for gaussian family taken to be 48822367)[] 
 []


Overfull \hbox (17.24895pt too wide) in paragraph at lines 3645--3645
[]\T1/lmtt/m/n/10 #> 2     25 1220559163 -1 -1216358858    6950 <0.0000000000000002 ***[] 
 []


Overfull \hbox (5.3852pt too wide) has occurred while \output is active
\T1/lmr/m/sl/10 3.2.  THE LOGISTIC MODEL APPLIED TO DATA FROM SWITZERLAND \T1/lmr/m/n/10 31
 []

[31]
<SIR-covid-2020_files/figure-latex/Plot the fitted curve, as well as observed data points-1.pdf, id=278, 433.62pt x 266.9975pt>
File: SIR-covid-2020_files/figure-latex/Plot the fitted curve, as well as observed data points-1.pdf Graphic file (type pdf)
<use SIR-covid-2020_files/figure-latex/Plot the fitted curve, as well as observed data points-1.pdf>
Package pdftex.def Info: SIR-covid-2020_files/figure-latex/Plot the fitted curve, as well as observed data points-1.pdf  used on input line 3652.
(pdftex.def)             Requested size: 310.51233pt x 191.19508pt.
<SIR-covid-2020_files/figure-latex/Present the predictions of the model-1.pdf, id=279, 433.62pt x 266.9975pt>
File: SIR-covid-2020_files/figure-latex/Present the predictions of the model-1.pdf Graphic file (type pdf)
<use SIR-covid-2020_files/figure-latex/Present the predictions of the model-1.pdf>
Package pdftex.def Info: SIR-covid-2020_files/figure-latex/Present the predictions of the model-1.pdf  used on input line 3658.
(pdftex.def)             Requested size: 310.51233pt x 191.19508pt.

Underfull \vbox (badness 1281) has occurred while \output is active []


Overfull \hbox (37.81483pt too wide) has occurred while \output is active
\T1/lmr/m/n/10 32 \T1/lmr/m/sl/10 CHAPTER 3.  MODELING THE SPREAD OF COVID-19 IN A SINGLE COUNTRY
 []

[32 <./SIR-covid-2020_files/figure-latex/Plot the fitted curve, as well as observed data points-1.pdf> <./SIR-covid-2020_files/figure-latex/Present the predictions of the model-1.pdf>]
Overfull \hbox (5.3852pt too wide) has occurred while \output is active
\T1/lmr/m/sl/10 3.2.  THE LOGISTIC MODEL APPLIED TO DATA FROM SWITZERLAND \T1/lmr/m/n/10 33
 []

[33]
Overfull \hbox (37.81483pt too wide) has occurred while \output is active
\T1/lmr/m/n/10 34 \T1/lmr/m/sl/10 CHAPTER 3.  MODELING THE SPREAD OF COVID-19 IN A SINGLE COUNTRY
 []

[34

]
Chapter 4.

Underfull \hbox (badness 2903) in paragraph at lines 3669--3670
\T1/lmr/m/n/10 (+20) In this sec-tion, we fit the lo-gis-tic model to ev-ery coun-try in the
 []

<SIR-covid-2020_files/figure-latex/unnamed-chunk-33-1.pdf, id=304, 433.62pt x 266.9975pt>
File: SIR-covid-2020_files/figure-latex/unnamed-chunk-33-1.pdf Graphic file (type pdf)
<use SIR-covid-2020_files/figure-latex/unnamed-chunk-33-1.pdf>
Package pdftex.def Info: SIR-covid-2020_files/figure-latex/unnamed-chunk-33-1.pdf  used on input line 3686.
(pdftex.def)             Requested size: 310.51233pt x 191.19508pt.

Underfull \vbox (badness 10000) has occurred while \output is active []

[35]
<SIR-covid-2020_files/figure-latex/unnamed-chunk-34-1.pdf, id=310, 433.62pt x 650.43pt>
File: SIR-covid-2020_files/figure-latex/unnamed-chunk-34-1.pdf Graphic file (type pdf)
<use SIR-covid-2020_files/figure-latex/unnamed-chunk-34-1.pdf>
Package pdftex.def Info: SIR-covid-2020_files/figure-latex/unnamed-chunk-34-1.pdf  used on input line 3694.
(pdftex.def)             Requested size: 310.51233pt x 465.76851pt.

Underfull \vbox (badness 10000) has occurred while \output is active []

[36 <./SIR-covid-2020_files/figure-latex/unnamed-chunk-33-1.pdf>]
<SIR-covid-2020_files/figure-latex/unnamed-chunk-35-1.pdf, id=323, 433.62pt x 266.9975pt>
File: SIR-covid-2020_files/figure-latex/unnamed-chunk-35-1.pdf Graphic file (type pdf)
<use SIR-covid-2020_files/figure-latex/unnamed-chunk-35-1.pdf>
Package pdftex.def Info: SIR-covid-2020_files/figure-latex/unnamed-chunk-35-1.pdf  used on input line 3700.
(pdftex.def)             Requested size: 310.51233pt x 191.19508pt.

Underfull \vbox (badness 10000) has occurred while \output is active []

[37 <./SIR-covid-2020_files/figure-latex/unnamed-chunk-34-1.pdf>] [38 <./SIR-covid-2020_files/figure-latex/unnamed-chunk-35-1.pdf>] [39]
<SIR-covid-2020_files/figure-latex/unnamed-chunk-38-1.pdf, id=354, 433.62pt x 519.9425pt>
File: SIR-covid-2020_files/figure-latex/unnamed-chunk-38-1.pdf Graphic file (type pdf)
<use SIR-covid-2020_files/figure-latex/unnamed-chunk-38-1.pdf>
Package pdftex.def Info: SIR-covid-2020_files/figure-latex/unnamed-chunk-38-1.pdf  used on input line 3896.
(pdftex.def)             Requested size: 310.51233pt x 372.3273pt.
[40 <./SIR-covid-2020_files/figure-latex/unnamed-chunk-38-1.pdf>] [41]
<SIR-covid-2020_files/figure-latex/unnamed-chunk-39-1.pdf, id=368, 433.62pt x 266.9975pt>
File: SIR-covid-2020_files/figure-latex/unnamed-chunk-39-1.pdf Graphic file (type pdf)
<use SIR-covid-2020_files/figure-latex/unnamed-chunk-39-1.pdf>
Package pdftex.def Info: SIR-covid-2020_files/figure-latex/unnamed-chunk-39-1.pdf  used on input line 3904.
(pdftex.def)             Requested size: 310.51233pt x 191.19508pt.
[42 <./SIR-covid-2020_files/figure-latex/unnamed-chunk-39-1.pdf>] (./SIR-covid-2020.bbl [43] [44

]) [45] (./SIR-covid-2020.aux)
 ***********
LaTeX2e <2023-11-01> patch level 1
L3 programming layer <2024-01-22>
 ***********
 ) 
Here is how much of TeX's memory you used:
 15728 strings out of 476168
 253166 string characters out of 5794951
 1988975 words of memory out of 5000000
 37180 multiletter control sequences out of 15000+600000
 634760 words of font info for 178 fonts, out of 8000000 for 9000
 14 hyphenation exceptions out of 8191
 83i,9n,93p,1011b,538s stack positions out of 10000i,1000n,20000p,200000b,200000s
</home/ilia/.TinyTeX/texmf-dist/fonts/type1/public/lm/lmbx10.pfb></home/ilia/.TinyTeX/texmf-dist/fonts/type1/public/lm/lmbx12.pfb></home/ilia/.TinyTeX/texmf-dist/fonts/type1/public/lm/lmbxi10.pfb></home/ilia/.TinyTeX/texmf-dist/fonts/type1/public/lm/lmex10.pfb></home/ilia/.TinyTeX/texmf-dist/fonts/type1/public/lm/lmmi10.pfb></home/ilia/.TinyTeX/texmf-dist/fonts/type1/public/lm/lmmi5.pfb></home/ilia/.TinyTeX/texmf-dist/fonts/type1/public/lm/lmmi7.pfb></home/ilia/.TinyTeX/texmf-dist/fonts/type1/public/lm/lmr10.pfb></home/ilia/.TinyTeX/texmf-dist/fonts/type1/public/lm/lmr12.pfb></home/ilia/.TinyTeX/texmf-dist/fonts/type1/public/lm/lmr17.pfb></home/ilia/.TinyTeX/texmf-dist/fonts/type1/public/lm/lmr5.pfb></home/ilia/.TinyTeX/texmf-dist/fonts/type1/public/lm/lmr7.pfb></home/ilia/.TinyTeX/texmf-dist/fonts/type1/public/lm/lmri10.pfb></home/ilia/.TinyTeX/texmf-dist/fonts/type1/public/lm/lmro10.pfb></home/ilia/.TinyTeX/texmf-dist/fonts/type1/public/lm/lmsy10.pfb></home/ilia/.TinyTeX/texmf-dist/fonts/type1/public/lm/lmsy7.pfb></home/ilia/.TinyTeX/texmf-dist/fonts/type1/public/lm/lmtk10.pfb></home/ilia/.TinyTeX/texmf-dist/fonts/type1/public/lm/lmtt10.pfb></home/ilia/.TinyTeX/texmf-dist/fonts/type1/public/lm/lmtti10.pfb>
Output written on SIR-covid-2020.pdf (45 pages, 1325736 bytes).
PDF statistics:
 552 PDF objects out of 1000 (max. 8388607)
 423 compressed objects within 5 object streams
 79 named destinations out of 1000 (max. 500000)
 41158 words of extra memory for PDF output out of 42996 (max. 10000000)

